  laba2withgui.cpp
C:\Users\Alex\OneDrive\Desktop\ООАП-GIT\laba2withgui\laba2withgui\laba2withgui.cpp(194,57): warning C4566: символ, представленный универсальным именем символа "\U0001F4B3", невозможно представить в текущей кодовой странице (1251)
C:\Users\Alex\OneDrive\Desktop\ООАП-GIT\laba2withgui\laba2withgui\laba2withgui.cpp(195,57): warning C4566: символ, представленный универсальным именем символа "\u20BF", невозможно представить в текущей кодовой странице (1251)
C:\Users\Alex\OneDrive\Desktop\ООАП-GIT\laba2withgui\laba2withgui\laba2withgui.cpp(209,1): warning C4566: символ, представленный универсальным именем символа "\U0001F4B3", невозможно представить в текущей кодовой странице (1251)
C:\Users\Alex\OneDrive\Desktop\ООАП-GIT\laba2withgui\laba2withgui\laba2withgui.cpp(213,1): warning C4566: символ, представленный универсальным именем символа "\U0001F504", невозможно представить в текущей кодовой странице (1251)
C:\Users\Alex\OneDrive\Desktop\ООАП-GIT\laba2withgui\laba2withgui\laba2withgui.cpp(247,9): warning C4566: символ, представленный универсальным именем символа "\U0001F4B3", невозможно представить в текущей кодовой странице (1251)
C:\Program Files\Microsoft Visual Studio\18\Insiders\VC\Tools\MSVC\14.50.35717\include\xutility(4924,18): warning C4244: =: преобразование "const wchar_t" в "char", возможна потеря данных
  (компиляция исходного файла "laba2withgui.cpp")
      C:\Program Files\Microsoft Visual Studio\18\Insiders\VC\Tools\MSVC\14.50.35717\include\xutility(4924,18):
      контекст создания экземпляра шаблона (сначала самый старый)
          C:\Users\Alex\OneDrive\Desktop\ООАП-GIT\laba2withgui\laba2withgui\laba2withgui.cpp(95,24):
          выполняется компиляция ссылки на экземпляр шаблон функции "std::basic_string<char,std::char_traits<char>,std::allocator<char>>::basic_string<const wchar_t*,0>(_Iter,_Iter,const _Alloc &)"
          with
          [
              _Iter=const wchar_t *,
              _Alloc=std::allocator<char>
          ]
              C:\Users\Alex\OneDrive\Desktop\ООАП-GIT\laba2withgui\laba2withgui\laba2withgui.cpp(95,24):
              см. первую ссылку на "std::basic_string<char,std::char_traits<char>,std::allocator<char>>::basic_string" в "safeStod"
          C:\Program Files\Microsoft Visual Studio\18\Insiders\VC\Tools\MSVC\14.50.35717\include\xstring(862,17):
          выполняется компиляция ссылки на экземпляр шаблон функции "void std::basic_string<char,std::char_traits<char>,std::allocator<char>>::_Construct_from_iter<const wchar_t*,const wchar_t*,_Size_type>(_Iter,const _Sent,_Size)"
          with
          [
              _Size_type=unsigned int,
              _Iter=const wchar_t *,
              _Sent=const wchar_t *,
              _Size=unsigned int
          ]
          C:\Program Files\Microsoft Visual Studio\18\Insiders\VC\Tools\MSVC\14.50.35717\include\xstring(1018,18):
          выполняется компиляция ссылки на экземпляр шаблон функции "_OutIt *std::_Copy_n_unchecked4<const wchar_t*,_Size,char*>(_InIt,_SizeTy,_OutIt)"
          with
          [
              _OutIt=char *,
              _Size=unsigned int,
              _InIt=const wchar_t *,
              _SizeTy=unsigned int
          ]
  
  laba2withgui.vcxproj -> C:\Users\Alex\OneDrive\Desktop\ООАП-GIT\laba2withgui\Debug\laba2withgui.exe
