  laba2wp.cpp
C:\Users\Alex\OneDrive\Desktop\ООАП-GIT\laba2wp\laba2wp\laba2wp.cpp(220,57): warning C4566: символ, представленный универсальным именем символа "\U0001F4B3", невозможно представить в текущей кодовой странице (1251)
C:\Users\Alex\OneDrive\Desktop\ООАП-GIT\laba2wp\laba2wp\laba2wp.cpp(221,57): warning C4566: символ, представленный универсальным именем символа "\u20BF", невозможно представить в текущей кодовой странице (1251)
C:\Users\Alex\OneDrive\Desktop\ООАП-GIT\laba2wp\laba2wp\laba2wp.cpp(233,1): warning C4566: символ, представленный универсальным именем символа "\U0001F4B3", невозможно представить в текущей кодовой странице (1251)
C:\Users\Alex\OneDrive\Desktop\ООАП-GIT\laba2wp\laba2wp\laba2wp.cpp(237,1): warning C4566: символ, представленный универсальным именем символа "\U0001F504", невозможно представить в текущей кодовой странице (1251)
C:\Users\Alex\OneDrive\Desktop\ООАП-GIT\laba2wp\laba2wp\laba2wp.cpp(266,9): warning C4566: символ, представленный универсальным именем символа "\u274C", невозможно представить в текущей кодовой странице (1251)
C:\Program Files\Microsoft Visual Studio\18\Insiders\VC\Tools\MSVC\14.50.35717\include\xutility(4924,18): warning C4244: =: преобразование "const wchar_t" в "char", возможна потеря данных
  (компиляция исходного файла "laba2wp.cpp")
      C:\Program Files\Microsoft Visual Studio\18\Insiders\VC\Tools\MSVC\14.50.35717\include\xutility(4924,18):
      контекст создания экземпляра шаблона (сначала самый старый)
          C:\Users\Alex\OneDrive\Desktop\ООАП-GIT\laba2wp\laba2wp\laba2wp.cpp(131,24):
          выполняется компиляция ссылки на экземпляр шаблон функции "std::basic_string<char,std::char_traits<char>,std::allocator<char>>::basic_string<const wchar_t*,0>(_Iter,_Iter,const _Alloc &)"
          with
          [
              _Iter=const wchar_t *,
              _Alloc=std::allocator<char>
          ]
              C:\Users\Alex\OneDrive\Desktop\ООАП-GIT\laba2wp\laba2wp\laba2wp.cpp(131,24):
              см. первую ссылку на "std::basic_string<char,std::char_traits<char>,std::allocator<char>>::basic_string" в "safeStod"
          C:\Program Files\Microsoft Visual Studio\18\Insiders\VC\Tools\MSVC\14.50.35717\include\xstring(862,17):
          выполняется компиляция ссылки на экземпляр шаблон функции "void std::basic_string<char,std::char_traits<char>,std::allocator<char>>::_Construct_from_iter<const wchar_t*,const wchar_t*,_Size_type>(_Iter,const _Sent,_Size)"
          with
          [
              _Size_type=unsigned __int64,
              _Iter=const wchar_t *,
              _Sent=const wchar_t *,
              _Size=unsigned __int64
          ]
          C:\Program Files\Microsoft Visual Studio\18\Insiders\VC\Tools\MSVC\14.50.35717\include\xstring(1018,18):
          выполняется компиляция ссылки на экземпляр шаблон функции "_OutIt *std::_Copy_n_unchecked4<const wchar_t*,_Size,char*>(_InIt,_SizeTy,_OutIt)"
          with
          [
              _OutIt=char *,
              _Size=unsigned __int64,
              _InIt=const wchar_t *,
              _SizeTy=unsigned __int64
          ]
  
  laba2wp.vcxproj -> C:\Users\Alex\OneDrive\Desktop\ООАП-GIT\laba2wp\x64\Debug\laba2wp.exe
